<?xml version="1.0" encoding="UTF-8"?>
<trace:TraceModel
    xmi:version="2.0"
    xmlns:xmi="http://www.omg.org/XMI"
    xmlns:trace="http://www.eclipse.org/gmf/2006/Trace">
  <nodeTraces
      visualID="2001"
      queryText="(let _eClass_:ecore::EClass = modelFacet.metaClass.ecoreClass in _eClass_.ePackage.nsURI = 'http:///org/wso2/developerstudio/eclipse/gmf/datamapper' and _eClass_.name = 'DataMapperDiagram') and (let _containmentMF_:ecore::EStructuralFeature = modelFacet.containmentMetaFeature.ecoreFeature in (let _eClass_:ecore::EClass = _containmentMF_.eContainingClass in _eClass_.ePackage.nsURI = 'http:///org/wso2/developerstudio/eclipse/gmf/datamapper' and _eClass_.name = 'DataMapperRoot') and _containmentMF_.name = 'dataMapperDiagram')"/>
  <childNodeTraces
      visualID="3001"
      queryText="(let _eClass_:ecore::EClass = modelFacet.metaClass.ecoreClass in _eClass_.ePackage.nsURI = 'http:///org/wso2/developerstudio/eclipse/gmf/datamapper' and _eClass_.name = 'Input') and (let _containmentMF_:ecore::EStructuralFeature = modelFacet.containmentMetaFeature.ecoreFeature in (let _eClass_:ecore::EClass = _containmentMF_.eContainingClass in _eClass_.ePackage.nsURI = 'http:///org/wso2/developerstudio/eclipse/gmf/datamapper' and _eClass_.name = 'DataMapperDiagram') and _containmentMF_.name = 'input')"/>
  <childNodeTraces
      visualID="3002"
      queryText="(let _eClass_:ecore::EClass = modelFacet.metaClass.ecoreClass in _eClass_.ePackage.nsURI = 'http:///org/wso2/developerstudio/eclipse/gmf/datamapper' and _eClass_.name = 'TreeNode') and (let _containmentMF_:ecore::EStructuralFeature = modelFacet.containmentMetaFeature.ecoreFeature in (let _eClass_:ecore::EClass = _containmentMF_.eContainingClass in _eClass_.ePackage.nsURI = 'http:///org/wso2/developerstudio/eclipse/gmf/datamapper' and _eClass_.name = 'Input') and _containmentMF_.name = 'treeNode')"/>
  <childNodeTraces
      visualID="3003"
      queryText="(let _eClass_:ecore::EClass = modelFacet.metaClass.ecoreClass in _eClass_.ePackage.nsURI = 'http:///org/wso2/developerstudio/eclipse/gmf/datamapper' and _eClass_.name = 'TreeNode') and (let _containmentMF_:ecore::EStructuralFeature = modelFacet.containmentMetaFeature.ecoreFeature in (let _eClass_:ecore::EClass = _containmentMF_.eContainingClass in _eClass_.ePackage.nsURI = 'http:///org/wso2/developerstudio/eclipse/gmf/datamapper' and _eClass_.name = 'TreeNode') and _containmentMF_.name = 'node')"/>
  <childNodeTraces
      visualID="3004"
      queryText="(let _eClass_:ecore::EClass = modelFacet.metaClass.ecoreClass in _eClass_.ePackage.nsURI = 'http:///org/wso2/developerstudio/eclipse/gmf/datamapper' and _eClass_.name = 'Attribute') and (let _containmentMF_:ecore::EStructuralFeature = modelFacet.containmentMetaFeature.ecoreFeature in (let _eClass_:ecore::EClass = _containmentMF_.eContainingClass in _eClass_.ePackage.nsURI = 'http:///org/wso2/developerstudio/eclipse/gmf/datamapper' and _eClass_.name = 'TreeNode') and _containmentMF_.name = 'attribute')"/>
  <childNodeTraces
      visualID="3005"
      queryText="(let _eClass_:ecore::EClass = modelFacet.metaClass.ecoreClass in _eClass_.ePackage.nsURI = 'http:///org/wso2/developerstudio/eclipse/gmf/datamapper' and _eClass_.name = 'InNode') and (let _containmentMF_:ecore::EStructuralFeature = modelFacet.containmentMetaFeature.ecoreFeature in (let _eClass_:ecore::EClass = _containmentMF_.eContainingClass in _eClass_.ePackage.nsURI = 'http:///org/wso2/developerstudio/eclipse/gmf/datamapper' and _eClass_.name = 'Attribute') and _containmentMF_.name = 'inNode')"/>
  <childNodeTraces
      visualID="3006"
      queryText="(let _eClass_:ecore::EClass = modelFacet.metaClass.ecoreClass in _eClass_.ePackage.nsURI = 'http:///org/wso2/developerstudio/eclipse/gmf/datamapper' and _eClass_.name = 'OutNode') and (let _containmentMF_:ecore::EStructuralFeature = modelFacet.containmentMetaFeature.ecoreFeature in (let _eClass_:ecore::EClass = _containmentMF_.eContainingClass in _eClass_.ePackage.nsURI = 'http:///org/wso2/developerstudio/eclipse/gmf/datamapper' and _eClass_.name = 'Attribute') and _containmentMF_.name = 'outNode')"/>
  <childNodeTraces
      visualID="3007"
      queryText="(let _eClass_:ecore::EClass = modelFacet.metaClass.ecoreClass in _eClass_.ePackage.nsURI = 'http:///org/wso2/developerstudio/eclipse/gmf/datamapper' and _eClass_.name = 'Element') and (let _containmentMF_:ecore::EStructuralFeature = modelFacet.containmentMetaFeature.ecoreFeature in (let _eClass_:ecore::EClass = _containmentMF_.eContainingClass in _eClass_.ePackage.nsURI = 'http:///org/wso2/developerstudio/eclipse/gmf/datamapper' and _eClass_.name = 'TreeNode') and _containmentMF_.name = 'element')"/>
  <childNodeTraces
      visualID="3008"
      queryText="(let _eClass_:ecore::EClass = modelFacet.metaClass.ecoreClass in _eClass_.ePackage.nsURI = 'http:///org/wso2/developerstudio/eclipse/gmf/datamapper' and _eClass_.name = 'InNode') and (let _containmentMF_:ecore::EStructuralFeature = modelFacet.containmentMetaFeature.ecoreFeature in (let _eClass_:ecore::EClass = _containmentMF_.eContainingClass in _eClass_.ePackage.nsURI = 'http:///org/wso2/developerstudio/eclipse/gmf/datamapper' and _eClass_.name = 'Element') and _containmentMF_.name = 'inNode')"/>
  <childNodeTraces
      visualID="3009"
      queryText="(let _eClass_:ecore::EClass = modelFacet.metaClass.ecoreClass in _eClass_.ePackage.nsURI = 'http:///org/wso2/developerstudio/eclipse/gmf/datamapper' and _eClass_.name = 'OutNode') and (let _containmentMF_:ecore::EStructuralFeature = modelFacet.containmentMetaFeature.ecoreFeature in (let _eClass_:ecore::EClass = _containmentMF_.eContainingClass in _eClass_.ePackage.nsURI = 'http:///org/wso2/developerstudio/eclipse/gmf/datamapper' and _eClass_.name = 'Element') and _containmentMF_.name = 'outNode')"/>
  <childNodeTraces
      visualID="3010"
      queryText="(let _eClass_:ecore::EClass = modelFacet.metaClass.ecoreClass in _eClass_.ePackage.nsURI = 'http:///org/wso2/developerstudio/eclipse/gmf/datamapper' and _eClass_.name = 'Output') and (let _containmentMF_:ecore::EStructuralFeature = modelFacet.containmentMetaFeature.ecoreFeature in (let _eClass_:ecore::EClass = _containmentMF_.eContainingClass in _eClass_.ePackage.nsURI = 'http:///org/wso2/developerstudio/eclipse/gmf/datamapper' and _eClass_.name = 'DataMapperDiagram') and _containmentMF_.name = 'output')"/>
  <childNodeTraces
      visualID="3011"
      queryText="(let _eClass_:ecore::EClass = modelFacet.metaClass.ecoreClass in _eClass_.ePackage.nsURI = 'http:///org/wso2/developerstudio/eclipse/gmf/datamapper' and _eClass_.name = 'TreeNode') and (let _containmentMF_:ecore::EStructuralFeature = modelFacet.containmentMetaFeature.ecoreFeature in (let _eClass_:ecore::EClass = _containmentMF_.eContainingClass in _eClass_.ePackage.nsURI = 'http:///org/wso2/developerstudio/eclipse/gmf/datamapper' and _eClass_.name = 'Output') and _containmentMF_.name = 'treeNode')"/>
  <childNodeTraces
      visualID="3012"
      queryText="(let _eClass_:ecore::EClass = modelFacet.metaClass.ecoreClass in _eClass_.ePackage.nsURI = 'http:///org/wso2/developerstudio/eclipse/gmf/datamapper' and _eClass_.name = 'Concat') and (let _containmentMF_:ecore::EStructuralFeature = modelFacet.containmentMetaFeature.ecoreFeature in (let _eClass_:ecore::EClass = _containmentMF_.eContainingClass in _eClass_.ePackage.nsURI = 'http:///org/wso2/developerstudio/eclipse/gmf/datamapper' and _eClass_.name = 'DataMapperDiagram') and _containmentMF_.name = 'concat')"/>
  <linkTraces
      visualID="4001"
      queryText="modelFacet.oclIsKindOf(gmfgen::TypeLinkModelFacet) and (let _eClass_:ecore::EClass = modelFacet.oclAsType(gmfgen::TypeLinkModelFacet).metaClass.ecoreClass in _eClass_.ePackage.nsURI = 'http:///org/wso2/developerstudio/eclipse/gmf/datamapper' and _eClass_.name = 'DataMapperLink')"/>
</trace:TraceModel>
