<?xml version="1.0" encoding="UTF-8"?>
<trace:TraceModel
    xmi:version="2.0"
    xmlns:xmi="http://www.omg.org/XMI"
    xmlns:trace="http://www.eclipse.org/gmf/2006/Trace">
  <nodeTraces
      visualID="2002"
      queryText="(let _eClass_:ecore::EClass = modelFacet.metaClass.ecoreClass in _eClass_.ePackage.nsURI = 'http:///org/wso2/developerstudio/eclipse/gmf/datamapper' and _eClass_.name = 'Input') and (let _containmentMF_:ecore::EStructuralFeature = modelFacet.containmentMetaFeature.ecoreFeature in (let _eClass_:ecore::EClass = _containmentMF_.eContainingClass in _eClass_.ePackage.nsURI = 'http:///org/wso2/developerstudio/eclipse/gmf/datamapper' and _eClass_.name = 'DataMapperRoot') and _containmentMF_.name = 'input')"/>
  <nodeTraces
      visualID="2003"
      queryText="(let _eClass_:ecore::EClass = modelFacet.metaClass.ecoreClass in _eClass_.ePackage.nsURI = 'http:///org/wso2/developerstudio/eclipse/gmf/datamapper' and _eClass_.name = 'Output') and (let _containmentMF_:ecore::EStructuralFeature = modelFacet.containmentMetaFeature.ecoreFeature in (let _eClass_:ecore::EClass = _containmentMF_.eContainingClass in _eClass_.ePackage.nsURI = 'http:///org/wso2/developerstudio/eclipse/gmf/datamapper' and _eClass_.name = 'DataMapperRoot') and _containmentMF_.name = 'output')"/>
  <nodeTraces
      visualID="2005"
      queryText="(let _eClass_:ecore::EClass = modelFacet.metaClass.ecoreClass in _eClass_.ePackage.nsURI = 'http:///org/wso2/developerstudio/eclipse/gmf/datamapper' and _eClass_.name = 'Equal') and (let _containmentMF_:ecore::EStructuralFeature = modelFacet.containmentMetaFeature.ecoreFeature in (let _eClass_:ecore::EClass = _containmentMF_.eContainingClass in _eClass_.ePackage.nsURI = 'http:///org/wso2/developerstudio/eclipse/gmf/datamapper' and _eClass_.name = 'DataMapperRoot') and _containmentMF_.name = 'operators')"/>
  <nodeTraces
      visualID="2006"
      queryText="(let _eClass_:ecore::EClass = modelFacet.metaClass.ecoreClass in _eClass_.ePackage.nsURI = 'http:///org/wso2/developerstudio/eclipse/gmf/datamapper' and _eClass_.name = 'Concat') and (let _containmentMF_:ecore::EStructuralFeature = modelFacet.containmentMetaFeature.ecoreFeature in (let _eClass_:ecore::EClass = _containmentMF_.eContainingClass in _eClass_.ePackage.nsURI = 'http:///org/wso2/developerstudio/eclipse/gmf/datamapper' and _eClass_.name = 'DataMapperRoot') and _containmentMF_.name = 'operators')"/>
  <nodeTraces
      visualID="2007"
      queryText="(let _eClass_:ecore::EClass = modelFacet.metaClass.ecoreClass in _eClass_.ePackage.nsURI = 'http:///org/wso2/developerstudio/eclipse/gmf/datamapper' and _eClass_.name = 'Split') and (let _containmentMF_:ecore::EStructuralFeature = modelFacet.containmentMetaFeature.ecoreFeature in (let _eClass_:ecore::EClass = _containmentMF_.eContainingClass in _eClass_.ePackage.nsURI = 'http:///org/wso2/developerstudio/eclipse/gmf/datamapper' and _eClass_.name = 'DataMapperRoot') and _containmentMF_.name = 'operators')"/>
  <nodeTraces
      visualID="2008"
      queryText="(let _eClass_:ecore::EClass = modelFacet.metaClass.ecoreClass in _eClass_.ePackage.nsURI = 'http:///org/wso2/developerstudio/eclipse/gmf/datamapper' and _eClass_.name = 'Constant') and (let _containmentMF_:ecore::EStructuralFeature = modelFacet.containmentMetaFeature.ecoreFeature in (let _eClass_:ecore::EClass = _containmentMF_.eContainingClass in _eClass_.ePackage.nsURI = 'http:///org/wso2/developerstudio/eclipse/gmf/datamapper' and _eClass_.name = 'DataMapperRoot') and _containmentMF_.name = 'operators')"/>
  <nodeTraces
      visualID="2009"
      queryText="(let _eClass_:ecore::EClass = modelFacet.metaClass.ecoreClass in _eClass_.ePackage.nsURI = 'http:///org/wso2/developerstudio/eclipse/gmf/datamapper' and _eClass_.name = 'LowerCase') and (let _containmentMF_:ecore::EStructuralFeature = modelFacet.containmentMetaFeature.ecoreFeature in (let _eClass_:ecore::EClass = _containmentMF_.eContainingClass in _eClass_.ePackage.nsURI = 'http:///org/wso2/developerstudio/eclipse/gmf/datamapper' and _eClass_.name = 'DataMapperRoot') and _containmentMF_.name = 'operators')"/>
  <nodeTraces
      visualID="2010"
      queryText="(let _eClass_:ecore::EClass = modelFacet.metaClass.ecoreClass in _eClass_.ePackage.nsURI = 'http:///org/wso2/developerstudio/eclipse/gmf/datamapper' and _eClass_.name = 'Contains') and (let _containmentMF_:ecore::EStructuralFeature = modelFacet.containmentMetaFeature.ecoreFeature in (let _eClass_:ecore::EClass = _containmentMF_.eContainingClass in _eClass_.ePackage.nsURI = 'http:///org/wso2/developerstudio/eclipse/gmf/datamapper' and _eClass_.name = 'DataMapperRoot') and _containmentMF_.name = 'operators')"/>
  <nodeTraces
      visualID="2011"
      queryText="(let _eClass_:ecore::EClass = modelFacet.metaClass.ecoreClass in _eClass_.ePackage.nsURI = 'http:///org/wso2/developerstudio/eclipse/gmf/datamapper' and _eClass_.name = 'UpperCase') and (let _containmentMF_:ecore::EStructuralFeature = modelFacet.containmentMetaFeature.ecoreFeature in (let _eClass_:ecore::EClass = _containmentMF_.eContainingClass in _eClass_.ePackage.nsURI = 'http:///org/wso2/developerstudio/eclipse/gmf/datamapper' and _eClass_.name = 'DataMapperRoot') and _containmentMF_.name = 'operators')"/>
  <nodeTraces
      visualID="2012"
      queryText="(let _eClass_:ecore::EClass = modelFacet.metaClass.ecoreClass in _eClass_.ePackage.nsURI = 'http:///org/wso2/developerstudio/eclipse/gmf/datamapper' and _eClass_.name = 'Add') and (let _containmentMF_:ecore::EStructuralFeature = modelFacet.containmentMetaFeature.ecoreFeature in (let _eClass_:ecore::EClass = _containmentMF_.eContainingClass in _eClass_.ePackage.nsURI = 'http:///org/wso2/developerstudio/eclipse/gmf/datamapper' and _eClass_.name = 'DataMapperRoot') and _containmentMF_.name = 'operators')"/>
  <nodeTraces
      visualID="2013"
      queryText="(let _eClass_:ecore::EClass = modelFacet.metaClass.ecoreClass in _eClass_.ePackage.nsURI = 'http:///org/wso2/developerstudio/eclipse/gmf/datamapper' and _eClass_.name = 'Subtract') and (let _containmentMF_:ecore::EStructuralFeature = modelFacet.containmentMetaFeature.ecoreFeature in (let _eClass_:ecore::EClass = _containmentMF_.eContainingClass in _eClass_.ePackage.nsURI = 'http:///org/wso2/developerstudio/eclipse/gmf/datamapper' and _eClass_.name = 'DataMapperRoot') and _containmentMF_.name = 'operators')"/>
  <nodeTraces
      visualID="2014"
      queryText="(let _eClass_:ecore::EClass = modelFacet.metaClass.ecoreClass in _eClass_.ePackage.nsURI = 'http:///org/wso2/developerstudio/eclipse/gmf/datamapper' and _eClass_.name = 'Multiply') and (let _containmentMF_:ecore::EStructuralFeature = modelFacet.containmentMetaFeature.ecoreFeature in (let _eClass_:ecore::EClass = _containmentMF_.eContainingClass in _eClass_.ePackage.nsURI = 'http:///org/wso2/developerstudio/eclipse/gmf/datamapper' and _eClass_.name = 'DataMapperRoot') and _containmentMF_.name = 'operators')"/>
  <nodeTraces
      visualID="2015"
      queryText="(let _eClass_:ecore::EClass = modelFacet.metaClass.ecoreClass in _eClass_.ePackage.nsURI = 'http:///org/wso2/developerstudio/eclipse/gmf/datamapper' and _eClass_.name = 'Divide') and (let _containmentMF_:ecore::EStructuralFeature = modelFacet.containmentMetaFeature.ecoreFeature in (let _eClass_:ecore::EClass = _containmentMF_.eContainingClass in _eClass_.ePackage.nsURI = 'http:///org/wso2/developerstudio/eclipse/gmf/datamapper' and _eClass_.name = 'DataMapperRoot') and _containmentMF_.name = 'operators')"/>
  <nodeTraces
      visualID="2016"
      queryText="(let _eClass_:ecore::EClass = modelFacet.metaClass.ecoreClass in _eClass_.ePackage.nsURI = 'http:///org/wso2/developerstudio/eclipse/gmf/datamapper' and _eClass_.name = 'Celi') and (let _containmentMF_:ecore::EStructuralFeature = modelFacet.containmentMetaFeature.ecoreFeature in (let _eClass_:ecore::EClass = _containmentMF_.eContainingClass in _eClass_.ePackage.nsURI = 'http:///org/wso2/developerstudio/eclipse/gmf/datamapper' and _eClass_.name = 'DataMapperRoot') and _containmentMF_.name = 'operators')"/>
  <nodeTraces
      visualID="2017"
      queryText="(let _eClass_:ecore::EClass = modelFacet.metaClass.ecoreClass in _eClass_.ePackage.nsURI = 'http:///org/wso2/developerstudio/eclipse/gmf/datamapper' and _eClass_.name = 'Floor') and (let _containmentMF_:ecore::EStructuralFeature = modelFacet.containmentMetaFeature.ecoreFeature in (let _eClass_:ecore::EClass = _containmentMF_.eContainingClass in _eClass_.ePackage.nsURI = 'http:///org/wso2/developerstudio/eclipse/gmf/datamapper' and _eClass_.name = 'DataMapperRoot') and _containmentMF_.name = 'operators')"/>
  <nodeTraces
      visualID="2018"
      queryText="(let _eClass_:ecore::EClass = modelFacet.metaClass.ecoreClass in _eClass_.ePackage.nsURI = 'http:///org/wso2/developerstudio/eclipse/gmf/datamapper' and _eClass_.name = 'Round') and (let _containmentMF_:ecore::EStructuralFeature = modelFacet.containmentMetaFeature.ecoreFeature in (let _eClass_:ecore::EClass = _containmentMF_.eContainingClass in _eClass_.ePackage.nsURI = 'http:///org/wso2/developerstudio/eclipse/gmf/datamapper' and _eClass_.name = 'DataMapperRoot') and _containmentMF_.name = 'operators')"/>
  <nodeTraces
      visualID="2019"
      queryText="(let _eClass_:ecore::EClass = modelFacet.metaClass.ecoreClass in _eClass_.ePackage.nsURI = 'http:///org/wso2/developerstudio/eclipse/gmf/datamapper' and _eClass_.name = 'SetPrecision') and (let _containmentMF_:ecore::EStructuralFeature = modelFacet.containmentMetaFeature.ecoreFeature in (let _eClass_:ecore::EClass = _containmentMF_.eContainingClass in _eClass_.ePackage.nsURI = 'http:///org/wso2/developerstudio/eclipse/gmf/datamapper' and _eClass_.name = 'DataMapperRoot') and _containmentMF_.name = 'operators')"/>
  <nodeTraces
      visualID="2020"
      queryText="(let _eClass_:ecore::EClass = modelFacet.metaClass.ecoreClass in _eClass_.ePackage.nsURI = 'http:///org/wso2/developerstudio/eclipse/gmf/datamapper' and _eClass_.name = 'AbsoluteValue') and (let _containmentMF_:ecore::EStructuralFeature = modelFacet.containmentMetaFeature.ecoreFeature in (let _eClass_:ecore::EClass = _containmentMF_.eContainingClass in _eClass_.ePackage.nsURI = 'http:///org/wso2/developerstudio/eclipse/gmf/datamapper' and _eClass_.name = 'DataMapperRoot') and _containmentMF_.name = 'operators')"/>
  <nodeTraces
      visualID="2021"
      queryText="(let _eClass_:ecore::EClass = modelFacet.metaClass.ecoreClass in _eClass_.ePackage.nsURI = 'http:///org/wso2/developerstudio/eclipse/gmf/datamapper' and _eClass_.name = 'StringLength') and (let _containmentMF_:ecore::EStructuralFeature = modelFacet.containmentMetaFeature.ecoreFeature in (let _eClass_:ecore::EClass = _containmentMF_.eContainingClass in _eClass_.ePackage.nsURI = 'http:///org/wso2/developerstudio/eclipse/gmf/datamapper' and _eClass_.name = 'DataMapperRoot') and _containmentMF_.name = 'operators')"/>
  <nodeTraces
      visualID="2022"
      queryText="(let _eClass_:ecore::EClass = modelFacet.metaClass.ecoreClass in _eClass_.ePackage.nsURI = 'http:///org/wso2/developerstudio/eclipse/gmf/datamapper' and _eClass_.name = 'StartsWith') and (let _containmentMF_:ecore::EStructuralFeature = modelFacet.containmentMetaFeature.ecoreFeature in (let _eClass_:ecore::EClass = _containmentMF_.eContainingClass in _eClass_.ePackage.nsURI = 'http:///org/wso2/developerstudio/eclipse/gmf/datamapper' and _eClass_.name = 'DataMapperRoot') and _containmentMF_.name = 'operators')"/>
  <nodeTraces
      visualID="2023"
      queryText="(let _eClass_:ecore::EClass = modelFacet.metaClass.ecoreClass in _eClass_.ePackage.nsURI = 'http:///org/wso2/developerstudio/eclipse/gmf/datamapper' and _eClass_.name = 'EndsWith') and (let _containmentMF_:ecore::EStructuralFeature = modelFacet.containmentMetaFeature.ecoreFeature in (let _eClass_:ecore::EClass = _containmentMF_.eContainingClass in _eClass_.ePackage.nsURI = 'http:///org/wso2/developerstudio/eclipse/gmf/datamapper' and _eClass_.name = 'DataMapperRoot') and _containmentMF_.name = 'operators')"/>
  <nodeTraces
      visualID="2024"
      queryText="(let _eClass_:ecore::EClass = modelFacet.metaClass.ecoreClass in _eClass_.ePackage.nsURI = 'http:///org/wso2/developerstudio/eclipse/gmf/datamapper' and _eClass_.name = 'Substring') and (let _containmentMF_:ecore::EStructuralFeature = modelFacet.containmentMetaFeature.ecoreFeature in (let _eClass_:ecore::EClass = _containmentMF_.eContainingClass in _eClass_.ePackage.nsURI = 'http:///org/wso2/developerstudio/eclipse/gmf/datamapper' and _eClass_.name = 'DataMapperRoot') and _containmentMF_.name = 'operators')"/>
  <nodeTraces
      visualID="2025"
      queryText="(let _eClass_:ecore::EClass = modelFacet.metaClass.ecoreClass in _eClass_.ePackage.nsURI = 'http:///org/wso2/developerstudio/eclipse/gmf/datamapper' and _eClass_.name = 'IfElse') and (let _containmentMF_:ecore::EStructuralFeature = modelFacet.containmentMetaFeature.ecoreFeature in (let _eClass_:ecore::EClass = _containmentMF_.eContainingClass in _eClass_.ePackage.nsURI = 'http:///org/wso2/developerstudio/eclipse/gmf/datamapper' and _eClass_.name = 'DataMapperRoot') and _containmentMF_.name = 'operators')"/>
  <nodeTraces
      visualID="2026"
      queryText="(let _eClass_:ecore::EClass = modelFacet.metaClass.ecoreClass in _eClass_.ePackage.nsURI = 'http:///org/wso2/developerstudio/eclipse/gmf/datamapper' and _eClass_.name = 'AND') and (let _containmentMF_:ecore::EStructuralFeature = modelFacet.containmentMetaFeature.ecoreFeature in (let _eClass_:ecore::EClass = _containmentMF_.eContainingClass in _eClass_.ePackage.nsURI = 'http:///org/wso2/developerstudio/eclipse/gmf/datamapper' and _eClass_.name = 'DataMapperRoot') and _containmentMF_.name = 'operators')"/>
  <nodeTraces
      visualID="2027"
      queryText="(let _eClass_:ecore::EClass = modelFacet.metaClass.ecoreClass in _eClass_.ePackage.nsURI = 'http:///org/wso2/developerstudio/eclipse/gmf/datamapper' and _eClass_.name = 'OR') and (let _containmentMF_:ecore::EStructuralFeature = modelFacet.containmentMetaFeature.ecoreFeature in (let _eClass_:ecore::EClass = _containmentMF_.eContainingClass in _eClass_.ePackage.nsURI = 'http:///org/wso2/developerstudio/eclipse/gmf/datamapper' and _eClass_.name = 'DataMapperRoot') and _containmentMF_.name = 'operators')"/>
  <nodeTraces
      visualID="2028"
      queryText="(let _eClass_:ecore::EClass = modelFacet.metaClass.ecoreClass in _eClass_.ePackage.nsURI = 'http:///org/wso2/developerstudio/eclipse/gmf/datamapper' and _eClass_.name = 'NOT') and (let _containmentMF_:ecore::EStructuralFeature = modelFacet.containmentMetaFeature.ecoreFeature in (let _eClass_:ecore::EClass = _containmentMF_.eContainingClass in _eClass_.ePackage.nsURI = 'http:///org/wso2/developerstudio/eclipse/gmf/datamapper' and _eClass_.name = 'DataMapperRoot') and _containmentMF_.name = 'operators')"/>
  <nodeTraces
      visualID="2029"
      queryText="(let _eClass_:ecore::EClass = modelFacet.metaClass.ecoreClass in _eClass_.ePackage.nsURI = 'http:///org/wso2/developerstudio/eclipse/gmf/datamapper' and _eClass_.name = 'Trim') and (let _containmentMF_:ecore::EStructuralFeature = modelFacet.containmentMetaFeature.ecoreFeature in (let _eClass_:ecore::EClass = _containmentMF_.eContainingClass in _eClass_.ePackage.nsURI = 'http:///org/wso2/developerstudio/eclipse/gmf/datamapper' and _eClass_.name = 'DataMapperRoot') and _containmentMF_.name = 'operators')"/>
  <nodeTraces
      visualID="2030"
      queryText="(let _eClass_:ecore::EClass = modelFacet.metaClass.ecoreClass in _eClass_.ePackage.nsURI = 'http:///org/wso2/developerstudio/eclipse/gmf/datamapper' and _eClass_.name = 'Replace') and (let _containmentMF_:ecore::EStructuralFeature = modelFacet.containmentMetaFeature.ecoreFeature in (let _eClass_:ecore::EClass = _containmentMF_.eContainingClass in _eClass_.ePackage.nsURI = 'http:///org/wso2/developerstudio/eclipse/gmf/datamapper' and _eClass_.name = 'DataMapperRoot') and _containmentMF_.name = 'operators')"/>
  <nodeTraces
      visualID="2031"
      queryText="(let _eClass_:ecore::EClass = modelFacet.metaClass.ecoreClass in _eClass_.ePackage.nsURI = 'http:///org/wso2/developerstudio/eclipse/gmf/datamapper' and _eClass_.name = 'Match') and (let _containmentMF_:ecore::EStructuralFeature = modelFacet.containmentMetaFeature.ecoreFeature in (let _eClass_:ecore::EClass = _containmentMF_.eContainingClass in _eClass_.ePackage.nsURI = 'http:///org/wso2/developerstudio/eclipse/gmf/datamapper' and _eClass_.name = 'DataMapperRoot') and _containmentMF_.name = 'operators')"/>
  <nodeTraces
      visualID="2032"
      queryText="(let _eClass_:ecore::EClass = modelFacet.metaClass.ecoreClass in _eClass_.ePackage.nsURI = 'http:///org/wso2/developerstudio/eclipse/gmf/datamapper' and _eClass_.name = 'Min') and (let _containmentMF_:ecore::EStructuralFeature = modelFacet.containmentMetaFeature.ecoreFeature in (let _eClass_:ecore::EClass = _containmentMF_.eContainingClass in _eClass_.ePackage.nsURI = 'http:///org/wso2/developerstudio/eclipse/gmf/datamapper' and _eClass_.name = 'DataMapperRoot') and _containmentMF_.name = 'operators')"/>
  <nodeTraces
      visualID="2033"
      queryText="(let _eClass_:ecore::EClass = modelFacet.metaClass.ecoreClass in _eClass_.ePackage.nsURI = 'http:///org/wso2/developerstudio/eclipse/gmf/datamapper' and _eClass_.name = 'Max') and (let _containmentMF_:ecore::EStructuralFeature = modelFacet.containmentMetaFeature.ecoreFeature in (let _eClass_:ecore::EClass = _containmentMF_.eContainingClass in _eClass_.ePackage.nsURI = 'http:///org/wso2/developerstudio/eclipse/gmf/datamapper' and _eClass_.name = 'DataMapperRoot') and _containmentMF_.name = 'operators')"/>
  <nodeTraces
      visualID="2034"
      queryText="(let _eClass_:ecore::EClass = modelFacet.metaClass.ecoreClass in _eClass_.ePackage.nsURI = 'http:///org/wso2/developerstudio/eclipse/gmf/datamapper' and _eClass_.name = 'CustomFunction') and (let _containmentMF_:ecore::EStructuralFeature = modelFacet.containmentMetaFeature.ecoreFeature in (let _eClass_:ecore::EClass = _containmentMF_.eContainingClass in _eClass_.ePackage.nsURI = 'http:///org/wso2/developerstudio/eclipse/gmf/datamapper' and _eClass_.name = 'DataMapperRoot') and _containmentMF_.name = 'operators')"/>
  <nodeTraces
      visualID="2035"
      queryText="(let _eClass_:ecore::EClass = modelFacet.metaClass.ecoreClass in _eClass_.ePackage.nsURI = 'http:///org/wso2/developerstudio/eclipse/gmf/datamapper' and _eClass_.name = 'Properties') and (let _containmentMF_:ecore::EStructuralFeature = modelFacet.containmentMetaFeature.ecoreFeature in (let _eClass_:ecore::EClass = _containmentMF_.eContainingClass in _eClass_.ePackage.nsURI = 'http:///org/wso2/developerstudio/eclipse/gmf/datamapper' and _eClass_.name = 'DataMapperRoot') and _containmentMF_.name = 'operators')"/>
  <nodeTraces
      visualID="2036"
      queryText="(let _eClass_:ecore::EClass = modelFacet.metaClass.ecoreClass in _eClass_.ePackage.nsURI = 'http:///org/wso2/developerstudio/eclipse/gmf/datamapper' and _eClass_.name = 'Compare') and (let _containmentMF_:ecore::EStructuralFeature = modelFacet.containmentMetaFeature.ecoreFeature in (let _eClass_:ecore::EClass = _containmentMF_.eContainingClass in _eClass_.ePackage.nsURI = 'http:///org/wso2/developerstudio/eclipse/gmf/datamapper' and _eClass_.name = 'DataMapperRoot') and _containmentMF_.name = 'operators')"/>
  <nodeTraces
      visualID="2037"
      queryText="(let _eClass_:ecore::EClass = modelFacet.metaClass.ecoreClass in _eClass_.ePackage.nsURI = 'http:///org/wso2/developerstudio/eclipse/gmf/datamapper' and _eClass_.name = 'StringToNumber') and (let _containmentMF_:ecore::EStructuralFeature = modelFacet.containmentMetaFeature.ecoreFeature in (let _eClass_:ecore::EClass = _containmentMF_.eContainingClass in _eClass_.ePackage.nsURI = 'http:///org/wso2/developerstudio/eclipse/gmf/datamapper' and _eClass_.name = 'DataMapperRoot') and _containmentMF_.name = 'operators')"/>
  <nodeTraces
      visualID="2038"
      queryText="(let _eClass_:ecore::EClass = modelFacet.metaClass.ecoreClass in _eClass_.ePackage.nsURI = 'http:///org/wso2/developerstudio/eclipse/gmf/datamapper' and _eClass_.name = 'StringToBoolean') and (let _containmentMF_:ecore::EStructuralFeature = modelFacet.containmentMetaFeature.ecoreFeature in (let _eClass_:ecore::EClass = _containmentMF_.eContainingClass in _eClass_.ePackage.nsURI = 'http:///org/wso2/developerstudio/eclipse/gmf/datamapper' and _eClass_.name = 'DataMapperRoot') and _containmentMF_.name = 'operators')"/>
  <nodeTraces
      visualID="2039"
      queryText="(let _eClass_:ecore::EClass = modelFacet.metaClass.ecoreClass in _eClass_.ePackage.nsURI = 'http:///org/wso2/developerstudio/eclipse/gmf/datamapper' and _eClass_.name = 'Clone') and (let _containmentMF_:ecore::EStructuralFeature = modelFacet.containmentMetaFeature.ecoreFeature in (let _eClass_:ecore::EClass = _containmentMF_.eContainingClass in _eClass_.ePackage.nsURI = 'http:///org/wso2/developerstudio/eclipse/gmf/datamapper' and _eClass_.name = 'DataMapperRoot') and _containmentMF_.name = 'operators')"/>
  <nodeTraces
      visualID="2040"
      queryText="(let _eClass_:ecore::EClass = modelFacet.metaClass.ecoreClass in _eClass_.ePackage.nsURI = 'http:///org/wso2/developerstudio/eclipse/gmf/datamapper' and _eClass_.name = 'ToString') and (let _containmentMF_:ecore::EStructuralFeature = modelFacet.containmentMetaFeature.ecoreFeature in (let _eClass_:ecore::EClass = _containmentMF_.eContainingClass in _eClass_.ePackage.nsURI = 'http:///org/wso2/developerstudio/eclipse/gmf/datamapper' and _eClass_.name = 'DataMapperRoot') and _containmentMF_.name = 'operators')"/>
  <nodeTraces
      visualID="2041"
      queryText="(let _eClass_:ecore::EClass = modelFacet.metaClass.ecoreClass in _eClass_.ePackage.nsURI = 'http:///org/wso2/developerstudio/eclipse/gmf/datamapper' and _eClass_.name = 'GlobalVariable') and (let _containmentMF_:ecore::EStructuralFeature = modelFacet.containmentMetaFeature.ecoreFeature in (let _eClass_:ecore::EClass = _containmentMF_.eContainingClass in _eClass_.ePackage.nsURI = 'http:///org/wso2/developerstudio/eclipse/gmf/datamapper' and _eClass_.name = 'DataMapperRoot') and _containmentMF_.name = 'operators')"/>
  <nodeTraces
      visualID="2042"
      queryText="(let _eClass_:ecore::EClass = modelFacet.metaClass.ecoreClass in _eClass_.ePackage.nsURI = 'http:///org/wso2/developerstudio/eclipse/gmf/datamapper' and _eClass_.name = 'AdvancedCustomFunction') and (let _containmentMF_:ecore::EStructuralFeature = modelFacet.containmentMetaFeature.ecoreFeature in (let _eClass_:ecore::EClass = _containmentMF_.eContainingClass in _eClass_.ePackage.nsURI = 'http:///org/wso2/developerstudio/eclipse/gmf/datamapper' and _eClass_.name = 'DataMapperRoot') and _containmentMF_.name = 'operators')"/>
  <childNodeTraces
      visualID="3002"
      queryText="(let _eClass_:ecore::EClass = modelFacet.metaClass.ecoreClass in _eClass_.ePackage.nsURI = 'http:///org/wso2/developerstudio/eclipse/gmf/datamapper' and _eClass_.name = 'TreeNode') and (let _containmentMF_:ecore::EStructuralFeature = modelFacet.containmentMetaFeature.ecoreFeature in (let _eClass_:ecore::EClass = _containmentMF_.eContainingClass in _eClass_.ePackage.nsURI = 'http:///org/wso2/developerstudio/eclipse/gmf/datamapper' and _eClass_.name = 'Input') and _containmentMF_.name = 'treeNode')">
    <nodeLabelTraces
        visualID="5002"
        queryText="true"/>
  </childNodeTraces>
  <childNodeTraces
      visualID="3003"
      queryText="(let _eClass_:ecore::EClass = modelFacet.metaClass.ecoreClass in _eClass_.ePackage.nsURI = 'http:///org/wso2/developerstudio/eclipse/gmf/datamapper' and _eClass_.name = 'TreeNode') and (let _containmentMF_:ecore::EStructuralFeature = modelFacet.containmentMetaFeature.ecoreFeature in (let _eClass_:ecore::EClass = _containmentMF_.eContainingClass in _eClass_.ePackage.nsURI = 'http:///org/wso2/developerstudio/eclipse/gmf/datamapper' and _eClass_.name = 'TreeNode') and _containmentMF_.name = 'node')">
    <nodeLabelTraces
        visualID="5001"
        queryText="true"/>
  </childNodeTraces>
  <childNodeTraces
      visualID="3007"
      queryText="(let _eClass_:ecore::EClass = modelFacet.metaClass.ecoreClass in _eClass_.ePackage.nsURI = 'http:///org/wso2/developerstudio/eclipse/gmf/datamapper' and _eClass_.name = 'Element') and (let _containmentMF_:ecore::EStructuralFeature = modelFacet.containmentMetaFeature.ecoreFeature in (let _eClass_:ecore::EClass = _containmentMF_.eContainingClass in _eClass_.ePackage.nsURI = 'http:///org/wso2/developerstudio/eclipse/gmf/datamapper' and _eClass_.name = 'TreeNode') and _containmentMF_.name = 'element')">
    <nodeLabelTraces
        visualID="5004"
        queryText="true"/>
  </childNodeTraces>
  <childNodeTraces
      visualID="3008"
      queryText="(let _eClass_:ecore::EClass = modelFacet.metaClass.ecoreClass in _eClass_.ePackage.nsURI = 'http:///org/wso2/developerstudio/eclipse/gmf/datamapper' and _eClass_.name = 'InNode') and (let _containmentMF_:ecore::EStructuralFeature = modelFacet.containmentMetaFeature.ecoreFeature in (let _eClass_:ecore::EClass = _containmentMF_.eContainingClass in _eClass_.ePackage.nsURI = 'http:///org/wso2/developerstudio/eclipse/gmf/datamapper' and _eClass_.name = 'Element') and _containmentMF_.name = 'inNode')"/>
  <childNodeTraces
      visualID="3009"
      queryText="(let _eClass_:ecore::EClass = modelFacet.metaClass.ecoreClass in _eClass_.ePackage.nsURI = 'http:///org/wso2/developerstudio/eclipse/gmf/datamapper' and _eClass_.name = 'OutNode') and (let _containmentMF_:ecore::EStructuralFeature = modelFacet.containmentMetaFeature.ecoreFeature in (let _eClass_:ecore::EClass = _containmentMF_.eContainingClass in _eClass_.ePackage.nsURI = 'http:///org/wso2/developerstudio/eclipse/gmf/datamapper' and _eClass_.name = 'Element') and _containmentMF_.name = 'outNode')"/>
  <childNodeTraces
      visualID="3011"
      queryText="(let _eClass_:ecore::EClass = modelFacet.metaClass.ecoreClass in _eClass_.ePackage.nsURI = 'http:///org/wso2/developerstudio/eclipse/gmf/datamapper' and _eClass_.name = 'TreeNode') and (let _containmentMF_:ecore::EStructuralFeature = modelFacet.containmentMetaFeature.ecoreFeature in (let _eClass_:ecore::EClass = _containmentMF_.eContainingClass in _eClass_.ePackage.nsURI = 'http:///org/wso2/developerstudio/eclipse/gmf/datamapper' and _eClass_.name = 'Output') and _containmentMF_.name = 'treeNode')">
    <nodeLabelTraces
        visualID="5003"
        queryText="true"/>
  </childNodeTraces>
  <childNodeTraces
      visualID="3012"
      queryText="(let _eClass_:ecore::EClass = modelFacet.metaClass.ecoreClass in _eClass_.ePackage.nsURI = 'http:///org/wso2/developerstudio/eclipse/gmf/datamapper' and _eClass_.name = 'OperatorBasicContainer') and (let _containmentMF_:ecore::EStructuralFeature = modelFacet.containmentMetaFeature.ecoreFeature in (let _eClass_:ecore::EClass = _containmentMF_.eContainingClass in _eClass_.ePackage.nsURI = 'http:///org/wso2/developerstudio/eclipse/gmf/datamapper' and _eClass_.name = 'Operator') and _containmentMF_.name = 'basicContainer')"/>
  <childNodeTraces
      visualID="3013"
      queryText="(let _eClass_:ecore::EClass = modelFacet.metaClass.ecoreClass in _eClass_.ePackage.nsURI = 'http:///org/wso2/developerstudio/eclipse/gmf/datamapper' and _eClass_.name = 'OperatorLeftContainer') and (let _containmentMF_:ecore::EStructuralFeature = modelFacet.containmentMetaFeature.ecoreFeature in (let _eClass_:ecore::EClass = _containmentMF_.eContainingClass in _eClass_.ePackage.nsURI = 'http:///org/wso2/developerstudio/eclipse/gmf/datamapper' and _eClass_.name = 'OperatorBasicContainer') and _containmentMF_.name = 'leftContainer')"/>
  <childNodeTraces
      visualID="3014"
      queryText="(let _eClass_:ecore::EClass = modelFacet.metaClass.ecoreClass in _eClass_.ePackage.nsURI = 'http:///org/wso2/developerstudio/eclipse/gmf/datamapper' and _eClass_.name = 'OperatorLeftConnector') and (let _containmentMF_:ecore::EStructuralFeature = modelFacet.containmentMetaFeature.ecoreFeature in (let _eClass_:ecore::EClass = _containmentMF_.eContainingClass in _eClass_.ePackage.nsURI = 'http:///org/wso2/developerstudio/eclipse/gmf/datamapper' and _eClass_.name = 'OperatorLeftContainer') and _containmentMF_.name = 'leftConnectors')"/>
  <childNodeTraces
      visualID="3015"
      queryText="(let _eClass_:ecore::EClass = modelFacet.metaClass.ecoreClass in _eClass_.ePackage.nsURI = 'http:///org/wso2/developerstudio/eclipse/gmf/datamapper' and _eClass_.name = 'InNode') and (let _containmentMF_:ecore::EStructuralFeature = modelFacet.containmentMetaFeature.ecoreFeature in (let _eClass_:ecore::EClass = _containmentMF_.eContainingClass in _eClass_.ePackage.nsURI = 'http:///org/wso2/developerstudio/eclipse/gmf/datamapper' and _eClass_.name = 'OperatorLeftConnector') and _containmentMF_.name = 'inNode')"/>
  <childNodeTraces
      visualID="3016"
      queryText="(let _eClass_:ecore::EClass = modelFacet.metaClass.ecoreClass in _eClass_.ePackage.nsURI = 'http:///org/wso2/developerstudio/eclipse/gmf/datamapper' and _eClass_.name = 'OperatorRightContainer') and (let _containmentMF_:ecore::EStructuralFeature = modelFacet.containmentMetaFeature.ecoreFeature in (let _eClass_:ecore::EClass = _containmentMF_.eContainingClass in _eClass_.ePackage.nsURI = 'http:///org/wso2/developerstudio/eclipse/gmf/datamapper' and _eClass_.name = 'OperatorBasicContainer') and _containmentMF_.name = 'rightContainer')"/>
  <childNodeTraces
      visualID="3017"
      queryText="(let _eClass_:ecore::EClass = modelFacet.metaClass.ecoreClass in _eClass_.ePackage.nsURI = 'http:///org/wso2/developerstudio/eclipse/gmf/datamapper' and _eClass_.name = 'OperatorRightConnector') and (let _containmentMF_:ecore::EStructuralFeature = modelFacet.containmentMetaFeature.ecoreFeature in (let _eClass_:ecore::EClass = _containmentMF_.eContainingClass in _eClass_.ePackage.nsURI = 'http:///org/wso2/developerstudio/eclipse/gmf/datamapper' and _eClass_.name = 'OperatorRightContainer') and _containmentMF_.name = 'rightConnectors')"/>
  <childNodeTraces
      visualID="3018"
      queryText="(let _eClass_:ecore::EClass = modelFacet.metaClass.ecoreClass in _eClass_.ePackage.nsURI = 'http:///org/wso2/developerstudio/eclipse/gmf/datamapper' and _eClass_.name = 'OutNode') and (let _containmentMF_:ecore::EStructuralFeature = modelFacet.containmentMetaFeature.ecoreFeature in (let _eClass_:ecore::EClass = _containmentMF_.eContainingClass in _eClass_.ePackage.nsURI = 'http:///org/wso2/developerstudio/eclipse/gmf/datamapper' and _eClass_.name = 'OperatorRightConnector') and _containmentMF_.name = 'outNode')"/>
  <childNodeTraces
      visualID="3019"
      queryText="(let _eClass_:ecore::EClass = modelFacet.metaClass.ecoreClass in _eClass_.ePackage.nsURI = 'http:///org/wso2/developerstudio/eclipse/gmf/datamapper' and _eClass_.name = 'OutNode') and (let _containmentMF_:ecore::EStructuralFeature = modelFacet.containmentMetaFeature.ecoreFeature in (let _eClass_:ecore::EClass = _containmentMF_.eContainingClass in _eClass_.ePackage.nsURI = 'http:///org/wso2/developerstudio/eclipse/gmf/datamapper' and _eClass_.name = 'TreeNode') and _containmentMF_.name = 'outNode')"/>
  <childNodeTraces
      visualID="3020"
      queryText="(let _eClass_:ecore::EClass = modelFacet.metaClass.ecoreClass in _eClass_.ePackage.nsURI = 'http:///org/wso2/developerstudio/eclipse/gmf/datamapper' and _eClass_.name = 'InNode') and (let _containmentMF_:ecore::EStructuralFeature = modelFacet.containmentMetaFeature.ecoreFeature in (let _eClass_:ecore::EClass = _containmentMF_.eContainingClass in _eClass_.ePackage.nsURI = 'http:///org/wso2/developerstudio/eclipse/gmf/datamapper' and _eClass_.name = 'TreeNode') and _containmentMF_.name = 'inNode')"/>
  <linkTraces
      visualID="4001"
      queryText="modelFacet.oclIsKindOf(gmfgen::TypeLinkModelFacet) and (let _eClass_:ecore::EClass = modelFacet.oclAsType(gmfgen::TypeLinkModelFacet).metaClass.ecoreClass in _eClass_.ePackage.nsURI = 'http:///org/wso2/developerstudio/eclipse/gmf/datamapper' and _eClass_.name = 'DataMapperLink')"/>
</trace:TraceModel>
